2024-07-28 17:41:47: ⭐ REGISTERED NEW USER: giovane
2024-07-28 17:41:57: ⭐ REGISTERED NEW USER: john
2024-07-28 17:42:01: 📌 USER LOGGED IN: john
2024-07-28 17:42:23: 📌 USER LOGGED IN: giovane
2024-07-28 17:43:57: 🥊 USER IS PLAYING: giovane
2024-07-28 17:43:57: 🥊 USER IS PLAYING: john
2024-07-28 17:43:57: 🔥 USERS IN MATCH: giovane X john
2024-07-28 17:44:37: 🌀 USER BECAME INACTIVE: giovane
2024-07-28 17:44:39: 🌀 USER BECAME INACTIVE: john
2024-07-28 17:44:44: 🍃 USER DISCONNECTED: john
2024-07-28 17:45:14: ⭐ REGISTERED NEW USER: mary
2024-07-28 17:45:17: 📌 USER LOGGED IN: mary
2024-07-28 17:45:28: 🍃 USER DISCONNECTED: giovane
2024-07-28 17:45:58: ⭐ REGISTERED NEW USER: marc
2024-07-28 17:46:02: 📌 USER LOGGED IN: marc
2024-07-28 17:46:25: 🍃 USER DISCONNECTED: mary
2024-07-28 17:46:52: ⭐ REGISTERED NEW USER: bryan
2024-07-28 17:46:56: 📌 USER LOGGED IN: bryan
2024-07-28 17:47:12: 🥊 USER IS PLAYING: marc
2024-07-28 17:47:12: 🥊 USER IS PLAYING: bryan
2024-07-28 17:47:12: 🔥 USERS IN MATCH: marc X bryan
2024-07-28 17:47:32: 🌀 USER BECAME INACTIVE: marc
2024-07-28 17:47:34: 🌀 USER BECAME INACTIVE: bryan
2024-07-28 17:55:54: 🍃 USER DISCONNECTED: marc
2024-07-28 17:55:54: 🍃 USER DISCONNECTED: bryan
